/home/loppukokeisiin/drone_sim_env/ros2_ws/install/drone_ring/lib/python3.10/site-packages/drone_ring/controller.py
/home/loppukokeisiin/drone_sim_env/ros2_ws/install/drone_ring/lib/python3.10/site-packages/drone_ring/vision.py
/home/loppukokeisiin/drone_sim_env/ros2_ws/install/drone_ring/lib/python3.10/site-packages/drone_ring/slam_interface.py
/home/loppukokeisiin/drone_sim_env/ros2_ws/install/drone_ring/lib/python3.10/site-packages/drone_ring/mission_node.py
/home/loppukokeisiin/drone_sim_env/ros2_ws/install/drone_ring/lib/python3.10/site-packages/drone_ring/__init__.py
/home/loppukokeisiin/drone_sim_env/ros2_ws/install/drone_ring/lib/python3.10/site-packages/drone_ring/drone_ring.py
/home/loppukokeisiin/drone_sim_env/ros2_ws/install/drone_ring/lib/python3.10/site-packages/drone_ring/__pycache__/controller.cpython-310.pyc
/home/loppukokeisiin/drone_sim_env/ros2_ws/install/drone_ring/lib/python3.10/site-packages/drone_ring/__pycache__/vision.cpython-310.pyc
/home/loppukokeisiin/drone_sim_env/ros2_ws/install/drone_ring/lib/python3.10/site-packages/drone_ring/__pycache__/slam_interface.cpython-310.pyc
/home/loppukokeisiin/drone_sim_env/ros2_ws/install/drone_ring/lib/python3.10/site-packages/drone_ring/__pycache__/mission_node.cpython-310.pyc
/home/loppukokeisiin/drone_sim_env/ros2_ws/install/drone_ring/lib/python3.10/site-packages/drone_ring/__pycache__/__init__.cpython-310.pyc
/home/loppukokeisiin/drone_sim_env/ros2_ws/install/drone_ring/lib/python3.10/site-packages/drone_ring/__pycache__/drone_ring.cpython-310.pyc
/home/loppukokeisiin/drone_sim_env/ros2_ws/install/drone_ring/share/ament_index/resource_index/packages/drone_ring
/home/loppukokeisiin/drone_sim_env/ros2_ws/install/drone_ring/share/drone_ring/package.xml
/home/loppukokeisiin/drone_sim_env/ros2_ws/install/drone_ring/lib/python3.10/site-packages/drone_ring-0.0.0-py3.10.egg-info/top_level.txt
/home/loppukokeisiin/drone_sim_env/ros2_ws/install/drone_ring/lib/python3.10/site-packages/drone_ring-0.0.0-py3.10.egg-info/dependency_links.txt
/home/loppukokeisiin/drone_sim_env/ros2_ws/install/drone_ring/lib/python3.10/site-packages/drone_ring-0.0.0-py3.10.egg-info/zip-safe
/home/loppukokeisiin/drone_sim_env/ros2_ws/install/drone_ring/lib/python3.10/site-packages/drone_ring-0.0.0-py3.10.egg-info/requires.txt
/home/loppukokeisiin/drone_sim_env/ros2_ws/install/drone_ring/lib/python3.10/site-packages/drone_ring-0.0.0-py3.10.egg-info/PKG-INFO
/home/loppukokeisiin/drone_sim_env/ros2_ws/install/drone_ring/lib/python3.10/site-packages/drone_ring-0.0.0-py3.10.egg-info/entry_points.txt
/home/loppukokeisiin/drone_sim_env/ros2_ws/install/drone_ring/lib/python3.10/site-packages/drone_ring-0.0.0-py3.10.egg-info/SOURCES.txt
