[1.021s] DEBUG:colcon:Command line arguments: ['/usr/bin/colcon', 'build', '--packages-select', 'drone_ring']
[1.021s] DEBUG:colcon:Parsed command line arguments: Namespace(log_base=None, log_level=None, verb_name='build', build_base='build', install_base='install', merge_install=False, symlink_install=False, test_result_base=None, continue_on_error=False, executor='parallel', parallel_workers=8, event_handlers=None, ignore_user_meta=False, metas=['./colcon.meta'], base_paths=['.'], packages_ignore=None, packages_ignore_regex=None, paths=None, packages_up_to=None, packages_up_to_regex=None, packages_above=None, packages_above_and_dependencies=None, packages_above_depth=None, packages_select_by_dep=None, packages_skip_by_dep=None, packages_skip_up_to=None, packages_select_build_failed=False, packages_skip_build_finished=False, packages_select_test_failures=False, packages_skip_test_passed=False, packages_select=['drone_ring'], packages_skip=None, packages_select_regex=None, packages_skip_regex=None, packages_start=None, packages_end=None, allow_overriding=[], cmake_args=None, cmake_target=None, cmake_target_skip_unavailable=False, cmake_clean_cache=False, cmake_clean_first=False, cmake_force_configure=False, ament_cmake_args=None, catkin_cmake_args=None, catkin_skip_building_tests=False, verb_parser=<colcon_defaults.argument_parser.defaults.DefaultArgumentsDecorator object at 0x7b2395eda170>, verb_extension=<colcon_core.verb.build.BuildVerb object at 0x7b2395ed9c60>, main=<bound method BuildVerb.main of <colcon_core.verb.build.BuildVerb object at 0x7b2395ed9c60>>)
[1.333s] Level 1:colcon.colcon_core.package_discovery:discover_packages(colcon_meta) check parameters
[1.334s] Level 1:colcon.colcon_core.package_discovery:discover_packages(recursive) check parameters
[1.334s] Level 1:colcon.colcon_core.package_discovery:discover_packages(ignore) check parameters
[1.334s] Level 1:colcon.colcon_core.package_discovery:discover_packages(path) check parameters
[1.334s] Level 1:colcon.colcon_core.package_discovery:discover_packages(colcon_meta) discover
[1.334s] Level 1:colcon.colcon_core.package_discovery:discover_packages(recursive) discover
[1.334s] INFO:colcon.colcon_core.package_discovery:Crawling recursively for packages in '/home/loppukokeisiin/drone_sim_env/ros2_ws/src'
[1.334s] Level 1:colcon.colcon_core.package_identification:_identify(.) by extensions ['ignore', 'ignore_ament_install']
[1.334s] Level 1:colcon.colcon_core.package_identification:_identify(.) by extension 'ignore'
[1.335s] Level 1:colcon.colcon_core.package_identification:_identify(.) by extension 'ignore_ament_install'
[1.335s] Level 1:colcon.colcon_core.package_identification:_identify(.) by extensions ['colcon_pkg']
[1.335s] Level 1:colcon.colcon_core.package_identification:_identify(.) by extension 'colcon_pkg'
[1.335s] Level 1:colcon.colcon_core.package_identification:_identify(.) by extensions ['colcon_meta']
[1.335s] Level 1:colcon.colcon_core.package_identification:_identify(.) by extension 'colcon_meta'
[1.335s] Level 1:colcon.colcon_core.package_identification:_identify(.) by extensions ['ros']
[1.335s] Level 1:colcon.colcon_core.package_identification:_identify(.) by extension 'ros'
[1.354s] Level 1:colcon.colcon_core.package_identification:_identify(.) by extensions ['cmake', 'python']
[1.354s] Level 1:colcon.colcon_core.package_identification:_identify(.) by extension 'cmake'
[1.354s] Level 1:colcon.colcon_core.package_identification:_identify(.) by extension 'python'
[1.354s] Level 1:colcon.colcon_core.package_identification:_identify(.) by extensions ['python_setup_py']
[1.354s] Level 1:colcon.colcon_core.package_identification:_identify(.) by extension 'python_setup_py'
[1.354s] Level 1:colcon.colcon_core.package_identification:_identify(build) by extensions ['ignore', 'ignore_ament_install']
[1.355s] Level 1:colcon.colcon_core.package_identification:_identify(build) by extension 'ignore'
[1.355s] Level 1:colcon.colcon_core.package_identification:_identify(build) ignored
[1.355s] Level 1:colcon.colcon_core.package_identification:_identify(drone_ring) by extensions ['ignore', 'ignore_ament_install']
[1.355s] Level 1:colcon.colcon_core.package_identification:_identify(drone_ring) by extension 'ignore'
[1.355s] Level 1:colcon.colcon_core.package_identification:_identify(drone_ring) by extension 'ignore_ament_install'
[1.355s] Level 1:colcon.colcon_core.package_identification:_identify(drone_ring) by extensions ['colcon_pkg']
[1.355s] Level 1:colcon.colcon_core.package_identification:_identify(drone_ring) by extension 'colcon_pkg'
[1.355s] Level 1:colcon.colcon_core.package_identification:_identify(drone_ring) by extensions ['colcon_meta']
[1.355s] Level 1:colcon.colcon_core.package_identification:_identify(drone_ring) by extension 'colcon_meta'
[1.355s] Level 1:colcon.colcon_core.package_identification:_identify(drone_ring) by extensions ['ros']
[1.355s] Level 1:colcon.colcon_core.package_identification:_identify(drone_ring) by extension 'ros'
[1.359s] DEBUG:colcon.colcon_core.package_identification:Found ROS schema reference in package manifest in 'drone_ring'
[1.359s] WARNING:colcon.colcon_core.package_identification:Failed to parse ROS package manifest in 'drone_ring': Error(s) in package 'drone_ring/package.xml':
Error(s):
- The generic dependency on 'rclpy' is redundant with: exec_depend
[1.360s] Level 1:colcon.colcon_core.package_identification:_identify(drone_ring) by extensions ['cmake', 'python']
[1.360s] Level 1:colcon.colcon_core.package_identification:_identify(drone_ring) by extension 'cmake'
[1.360s] Level 1:colcon.colcon_core.package_identification:_identify(drone_ring) by extension 'python'
[1.360s] DEBUG:colcon.colcon_core.package_identification:Python package in 'drone_ring' passes arguments to the setup() function which requires a different identification extension than 'python'
[1.360s] Level 1:colcon.colcon_core.package_identification:_identify(drone_ring) by extensions ['python_setup_py']
[1.360s] Level 1:colcon.colcon_core.package_identification:_identify(drone_ring) by extension 'python_setup_py'
[1.926s] ERROR:colcon.colcon_core.package_identification:Exception in package identification extension 'python_setup_py' in 'drone_ring': Command '['/usr/bin/python3', '-c', 'import sys;from contextlib import suppress;exec("with suppress(ImportError):    from setuptools.extern.packaging.specifiers    import SpecifierSet");exec("with suppress(ImportError):    from packaging.specifiers import SpecifierSet");from distutils.core import run_setup;dist = run_setup(    \'setup.py\', script_args=(\'--dry-run\',), stop_after=\'config\');skip_keys = (\'cmdclass\', \'distclass\', \'ext_modules\', \'metadata\');data = {    key: value for key, value in dist.__dict__.items()     if (        not key.startswith(\'_\') and         not callable(value) and         key not in skip_keys and         key not in dist.display_option_names    )};data[\'metadata\'] = {    k: v for k, v in dist.metadata.__dict__.items()     if k not in (\'license_files\', \'provides_extras\')};sys.stdout.buffer.write(repr(data).encode(\'utf-8\'))']' returned non-zero exit status 1.
Traceback (most recent call last):
  File "/usr/lib/python3/dist-packages/colcon_core/package_identification/__init__.py", line 144, in _identify
    retval = extension.identify(_reused_descriptor_instance)
  File "/usr/lib/python3/dist-packages/colcon_python_setup_py/package_identification/python_setup_py.py", line 48, in identify
    config = get_setup_information(setup_py)
  File "/usr/lib/python3/dist-packages/colcon_python_setup_py/package_identification/python_setup_py.py", line 249, in get_setup_information
    _setup_information_cache[hashable_env] = _get_setup_information(
  File "/usr/lib/python3/dist-packages/colcon_python_setup_py/package_identification/python_setup_py.py", line 296, in _get_setup_information
    result = subprocess.run(
  File "/usr/lib/python3.10/subprocess.py", line 526, in run
    raise CalledProcessError(retcode, process.args,
subprocess.CalledProcessError: Command '['/usr/bin/python3', '-c', 'import sys;from contextlib import suppress;exec("with suppress(ImportError):    from setuptools.extern.packaging.specifiers    import SpecifierSet");exec("with suppress(ImportError):    from packaging.specifiers import SpecifierSet");from distutils.core import run_setup;dist = run_setup(    \'setup.py\', script_args=(\'--dry-run\',), stop_after=\'config\');skip_keys = (\'cmdclass\', \'distclass\', \'ext_modules\', \'metadata\');data = {    key: value for key, value in dist.__dict__.items()     if (        not key.startswith(\'_\') and         not callable(value) and         key not in skip_keys and         key not in dist.display_option_names    )};data[\'metadata\'] = {    k: v for k, v in dist.metadata.__dict__.items()     if k not in (\'license_files\', \'provides_extras\')};sys.stdout.buffer.write(repr(data).encode(\'utf-8\'))']' returned non-zero exit status 1.

[1.927s] Level 1:colcon.colcon_core.package_identification:_identify(drone_ring/build) by extensions ['ignore', 'ignore_ament_install']
[1.927s] Level 1:colcon.colcon_core.package_identification:_identify(drone_ring/build) by extension 'ignore'
[1.928s] Level 1:colcon.colcon_core.package_identification:_identify(drone_ring/build) ignored
[1.928s] Level 1:colcon.colcon_core.package_identification:_identify(drone_ring/drone_ring) by extensions ['ignore', 'ignore_ament_install']
[1.928s] Level 1:colcon.colcon_core.package_identification:_identify(drone_ring/drone_ring) by extension 'ignore'
[1.928s] Level 1:colcon.colcon_core.package_identification:_identify(drone_ring/drone_ring) by extension 'ignore_ament_install'
[1.928s] Level 1:colcon.colcon_core.package_identification:_identify(drone_ring/drone_ring) by extensions ['colcon_pkg']
[1.928s] Level 1:colcon.colcon_core.package_identification:_identify(drone_ring/drone_ring) by extension 'colcon_pkg'
[1.928s] Level 1:colcon.colcon_core.package_identification:_identify(drone_ring/drone_ring) by extensions ['colcon_meta']
[1.929s] Level 1:colcon.colcon_core.package_identification:_identify(drone_ring/drone_ring) by extension 'colcon_meta'
[1.929s] Level 1:colcon.colcon_core.package_identification:_identify(drone_ring/drone_ring) by extensions ['ros']
[1.929s] Level 1:colcon.colcon_core.package_identification:_identify(drone_ring/drone_ring) by extension 'ros'
[1.929s] Level 1:colcon.colcon_core.package_identification:_identify(drone_ring/drone_ring) by extensions ['cmake', 'python']
[1.929s] Level 1:colcon.colcon_core.package_identification:_identify(drone_ring/drone_ring) by extension 'cmake'
[1.929s] Level 1:colcon.colcon_core.package_identification:_identify(drone_ring/drone_ring) by extension 'python'
[1.929s] Level 1:colcon.colcon_core.package_identification:_identify(drone_ring/drone_ring) by extensions ['python_setup_py']
[1.929s] Level 1:colcon.colcon_core.package_identification:_identify(drone_ring/drone_ring) by extension 'python_setup_py'
[1.930s] Level 1:colcon.colcon_core.package_identification:_identify(drone_ring/drone_ring/build) by extensions ['ignore', 'ignore_ament_install']
[1.930s] Level 1:colcon.colcon_core.package_identification:_identify(drone_ring/drone_ring/build) by extension 'ignore'
[1.930s] Level 1:colcon.colcon_core.package_identification:_identify(drone_ring/drone_ring/build) ignored
[1.930s] Level 1:colcon.colcon_core.package_identification:_identify(drone_ring/drone_ring/install) by extensions ['ignore', 'ignore_ament_install']
[1.930s] Level 1:colcon.colcon_core.package_identification:_identify(drone_ring/drone_ring/install) by extension 'ignore'
[1.930s] Level 1:colcon.colcon_core.package_identification:_identify(drone_ring/drone_ring/install) ignored
[1.931s] Level 1:colcon.colcon_core.package_identification:_identify(drone_ring/drone_ring/log) by extensions ['ignore', 'ignore_ament_install']
[1.931s] Level 1:colcon.colcon_core.package_identification:_identify(drone_ring/drone_ring/log) by extension 'ignore'
[1.931s] Level 1:colcon.colcon_core.package_identification:_identify(drone_ring/drone_ring/log) ignored
[1.931s] Level 1:colcon.colcon_core.package_identification:_identify(drone_ring/install) by extensions ['ignore', 'ignore_ament_install']
[1.931s] Level 1:colcon.colcon_core.package_identification:_identify(drone_ring/install) by extension 'ignore'
[1.931s] Level 1:colcon.colcon_core.package_identification:_identify(drone_ring/install) ignored
[1.932s] Level 1:colcon.colcon_core.package_identification:_identify(drone_ring/log) by extensions ['ignore', 'ignore_ament_install']
[1.932s] Level 1:colcon.colcon_core.package_identification:_identify(drone_ring/log) by extension 'ignore'
[1.932s] Level 1:colcon.colcon_core.package_identification:_identify(drone_ring/log) ignored
[1.932s] Level 1:colcon.colcon_core.package_identification:_identify(drone_ring/resource) by extensions ['ignore', 'ignore_ament_install']
[1.932s] Level 1:colcon.colcon_core.package_identification:_identify(drone_ring/resource) by extension 'ignore'
[1.932s] Level 1:colcon.colcon_core.package_identification:_identify(drone_ring/resource) by extension 'ignore_ament_install'
[1.932s] Level 1:colcon.colcon_core.package_identification:_identify(drone_ring/resource) by extensions ['colcon_pkg']
[1.933s] Level 1:colcon.colcon_core.package_identification:_identify(drone_ring/resource) by extension 'colcon_pkg'
[1.933s] Level 1:colcon.colcon_core.package_identification:_identify(drone_ring/resource) by extensions ['colcon_meta']
[1.933s] Level 1:colcon.colcon_core.package_identification:_identify(drone_ring/resource) by extension 'colcon_meta'
[1.933s] Level 1:colcon.colcon_core.package_identification:_identify(drone_ring/resource) by extensions ['ros']
[1.933s] Level 1:colcon.colcon_core.package_identification:_identify(drone_ring/resource) by extension 'ros'
[1.933s] Level 1:colcon.colcon_core.package_identification:_identify(drone_ring/resource) by extensions ['cmake', 'python']
[1.933s] Level 1:colcon.colcon_core.package_identification:_identify(drone_ring/resource) by extension 'cmake'
[1.933s] Level 1:colcon.colcon_core.package_identification:_identify(drone_ring/resource) by extension 'python'
[1.933s] Level 1:colcon.colcon_core.package_identification:_identify(drone_ring/resource) by extensions ['python_setup_py']
[1.933s] Level 1:colcon.colcon_core.package_identification:_identify(drone_ring/resource) by extension 'python_setup_py'
[1.934s] Level 1:colcon.colcon_core.package_identification:_identify(drone_ring/test) by extensions ['ignore', 'ignore_ament_install']
[1.934s] Level 1:colcon.colcon_core.package_identification:_identify(drone_ring/test) by extension 'ignore'
[1.934s] Level 1:colcon.colcon_core.package_identification:_identify(drone_ring/test) by extension 'ignore_ament_install'
[1.934s] Level 1:colcon.colcon_core.package_identification:_identify(drone_ring/test) by extensions ['colcon_pkg']
[1.934s] Level 1:colcon.colcon_core.package_identification:_identify(drone_ring/test) by extension 'colcon_pkg'
[1.934s] Level 1:colcon.colcon_core.package_identification:_identify(drone_ring/test) by extensions ['colcon_meta']
[1.934s] Level 1:colcon.colcon_core.package_identification:_identify(drone_ring/test) by extension 'colcon_meta'
[1.934s] Level 1:colcon.colcon_core.package_identification:_identify(drone_ring/test) by extensions ['ros']
[1.934s] Level 1:colcon.colcon_core.package_identification:_identify(drone_ring/test) by extension 'ros'
[1.935s] Level 1:colcon.colcon_core.package_identification:_identify(drone_ring/test) by extensions ['cmake', 'python']
[1.935s] Level 1:colcon.colcon_core.package_identification:_identify(drone_ring/test) by extension 'cmake'
[1.935s] Level 1:colcon.colcon_core.package_identification:_identify(drone_ring/test) by extension 'python'
[1.935s] Level 1:colcon.colcon_core.package_identification:_identify(drone_ring/test) by extensions ['python_setup_py']
[1.935s] Level 1:colcon.colcon_core.package_identification:_identify(drone_ring/test) by extension 'python_setup_py'
[1.935s] Level 1:colcon.colcon_core.package_identification:_identify(install) by extensions ['ignore', 'ignore_ament_install']
[1.936s] Level 1:colcon.colcon_core.package_identification:_identify(install) by extension 'ignore'
[1.936s] Level 1:colcon.colcon_core.package_identification:_identify(install) ignored
[1.936s] Level 1:colcon.colcon_core.package_identification:_identify(log) by extensions ['ignore', 'ignore_ament_install']
[1.936s] Level 1:colcon.colcon_core.package_identification:_identify(log) by extension 'ignore'
[1.936s] Level 1:colcon.colcon_core.package_identification:_identify(log) ignored
[1.937s] Level 1:colcon.colcon_core.package_discovery:discover_packages(recursive) using defaults
[1.937s] Level 1:colcon.colcon_core.package_discovery:discover_packages(ignore) discover
[1.937s] Level 1:colcon.colcon_core.package_discovery:discover_packages(ignore) using defaults
[1.937s] Level 1:colcon.colcon_core.package_discovery:discover_packages(path) discover
[1.937s] Level 1:colcon.colcon_core.package_discovery:discover_packages(path) using defaults
[1.937s] WARNING:colcon.colcon_core.package_selection:ignoring unknown package 'drone_ring' in --packages-select
[1.992s] Level 1:colcon.colcon_core.package_discovery:discover_packages(prefix_path) check parameters
[1.992s] Level 1:colcon.colcon_core.package_discovery:discover_packages(prefix_path) discover
[1.994s] DEBUG:colcon.colcon_installed_package_information.package_discovery:Found 0 installed packages in /home/loppukokeisiin/drone_sim_env/ros2_ws/src/drone_ring/install
[1.995s] DEBUG:colcon.colcon_installed_package_information.package_discovery:Found 0 installed packages in /home/loppukokeisiin/drone_sim_env/ros2_ws/src/drone_ring/drone_ring/install
[1.996s] DEBUG:colcon.colcon_installed_package_information.package_discovery:Found 281 installed packages in /opt/ros/humble
[1.998s] Level 1:colcon.colcon_core.package_discovery:discover_packages(prefix_path) using defaults
[2.055s] INFO:colcon.colcon_core.executor:Executing jobs using 'parallel' executor
[2.057s] DEBUG:colcon.colcon_parallel_executor.executor.parallel:run_until_complete
[2.058s] DEBUG:colcon.colcon_parallel_executor.executor.parallel:closing loop
[2.058s] DEBUG:colcon.colcon_parallel_executor.executor.parallel:loop closed
[2.058s] DEBUG:colcon.colcon_parallel_executor.executor.parallel:run_until_complete finished with '0'
[2.059s] DEBUG:colcon.colcon_core.event_reactor:joining thread
[2.303s] INFO:colcon.colcon_core.plugin_system:Skipping extension 'colcon_notification.desktop_notification.notify_send': Could not find 'notify-send'
[2.304s] INFO:colcon.colcon_core.plugin_system:Skipping extension 'colcon_notification.desktop_notification.terminal_notifier': Not used on non-Darwin systems
[2.304s] INFO:colcon.colcon_core.plugin_system:Skipping extension 'colcon_notification.desktop_notification.win32': Not used on non-Windows systems
[2.304s] INFO:colcon.colcon_notification.desktop_notification:Sending desktop notification using 'notify2'
[2.304s] DEBUG:colcon.colcon_notification.desktop_notification.notify2:Failed to initialize notify2: org.freedesktop.DBus.Error.FileNotFound: Failed to connect to socket /run/user/1000/bus: No such file or directory
[2.305s] DEBUG:colcon.colcon_core.event_reactor:joined thread
[2.309s] INFO:colcon.colcon_core.plugin_system:Skipping extension 'colcon_core.shell.bat': Not used on non-Windows systems
[2.310s] INFO:colcon.colcon_core.shell:Creating prefix script '/home/loppukokeisiin/drone_sim_env/ros2_ws/src/install/local_setup.ps1'
[2.312s] INFO:colcon.colcon_core.shell:Creating prefix util module '/home/loppukokeisiin/drone_sim_env/ros2_ws/src/install/_local_setup_util_ps1.py'
[2.316s] INFO:colcon.colcon_core.shell:Creating prefix chain script '/home/loppukokeisiin/drone_sim_env/ros2_ws/src/install/setup.ps1'
[2.318s] INFO:colcon.colcon_core.shell:Creating prefix script '/home/loppukokeisiin/drone_sim_env/ros2_ws/src/install/local_setup.sh'
[2.320s] INFO:colcon.colcon_core.shell:Creating prefix util module '/home/loppukokeisiin/drone_sim_env/ros2_ws/src/install/_local_setup_util_sh.py'
[2.321s] INFO:colcon.colcon_core.shell:Creating prefix chain script '/home/loppukokeisiin/drone_sim_env/ros2_ws/src/install/setup.sh'
[2.324s] INFO:colcon.colcon_core.shell:Creating prefix script '/home/loppukokeisiin/drone_sim_env/ros2_ws/src/install/local_setup.bash'
[2.326s] INFO:colcon.colcon_core.shell:Creating prefix chain script '/home/loppukokeisiin/drone_sim_env/ros2_ws/src/install/setup.bash'
[2.329s] INFO:colcon.colcon_core.shell:Creating prefix script '/home/loppukokeisiin/drone_sim_env/ros2_ws/src/install/local_setup.zsh'
[2.330s] INFO:colcon.colcon_core.shell:Creating prefix chain script '/home/loppukokeisiin/drone_sim_env/ros2_ws/src/install/setup.zsh'
