/home/loppukokeisiin/drone_sim_env/ros2_ws/install/tello_parcours/lib/python3.10/site-packages/tello_parcours/test_connection.py
/home/loppukokeisiin/drone_sim_env/ros2_ws/install/tello_parcours/lib/python3.10/site-packages/tello_parcours/hoepel_jager.py
/home/loppukokeisiin/drone_sim_env/ros2_ws/install/tello_parcours/lib/python3.10/site-packages/tello_parcours/camera_viewer.py
/home/loppukokeisiin/drone_sim_env/ros2_ws/install/tello_parcours/lib/python3.10/site-packages/tello_parcours/parcours_runner_tello.py
/home/loppukokeisiin/drone_sim_env/ros2_ws/install/tello_parcours/lib/python3.10/site-packages/tello_parcours/parcours_runner.py
/home/loppukokeisiin/drone_sim_env/ros2_ws/install/tello_parcours/lib/python3.10/site-packages/tello_parcours/single_hoop_test.py
/home/loppukokeisiin/drone_sim_env/ros2_ws/install/tello_parcours/lib/python3.10/site-packages/tello_parcours/__init__.py
/home/loppukokeisiin/drone_sim_env/ros2_ws/install/tello_parcours/lib/python3.10/site-packages/tello_parcours/diagnose_8890.py
/home/loppukokeisiin/drone_sim_env/ros2_ws/install/tello_parcours/lib/python3.10/site-packages/tello_parcours/hsv_tuner_tello.py
/home/loppukokeisiin/drone_sim_env/ros2_ws/install/tello_parcours/lib/python3.10/site-packages/tello_parcours/autopilot.py
/home/loppukokeisiin/drone_sim_env/ros2_ws/install/tello_parcours/lib/python3.10/site-packages/tello_parcours/__pycache__/test_connection.cpython-310.pyc
/home/loppukokeisiin/drone_sim_env/ros2_ws/install/tello_parcours/lib/python3.10/site-packages/tello_parcours/__pycache__/hoepel_jager.cpython-310.pyc
/home/loppukokeisiin/drone_sim_env/ros2_ws/install/tello_parcours/lib/python3.10/site-packages/tello_parcours/__pycache__/camera_viewer.cpython-310.pyc
/home/loppukokeisiin/drone_sim_env/ros2_ws/install/tello_parcours/lib/python3.10/site-packages/tello_parcours/__pycache__/parcours_runner_tello.cpython-310.pyc
/home/loppukokeisiin/drone_sim_env/ros2_ws/install/tello_parcours/lib/python3.10/site-packages/tello_parcours/__pycache__/parcours_runner.cpython-310.pyc
/home/loppukokeisiin/drone_sim_env/ros2_ws/install/tello_parcours/lib/python3.10/site-packages/tello_parcours/__pycache__/single_hoop_test.cpython-310.pyc
/home/loppukokeisiin/drone_sim_env/ros2_ws/install/tello_parcours/lib/python3.10/site-packages/tello_parcours/__pycache__/__init__.cpython-310.pyc
/home/loppukokeisiin/drone_sim_env/ros2_ws/install/tello_parcours/lib/python3.10/site-packages/tello_parcours/__pycache__/diagnose_8890.cpython-310.pyc
/home/loppukokeisiin/drone_sim_env/ros2_ws/install/tello_parcours/lib/python3.10/site-packages/tello_parcours/__pycache__/hsv_tuner_tello.cpython-310.pyc
/home/loppukokeisiin/drone_sim_env/ros2_ws/install/tello_parcours/lib/python3.10/site-packages/tello_parcours/__pycache__/autopilot.cpython-310.pyc
/home/loppukokeisiin/drone_sim_env/ros2_ws/install/tello_parcours/share/ament_index/resource_index/packages/tello_parcours
/home/loppukokeisiin/drone_sim_env/ros2_ws/install/tello_parcours/share/tello_parcours/package.xml
/home/loppukokeisiin/drone_sim_env/ros2_ws/install/tello_parcours/lib/python3.10/site-packages/tello_parcours-0.0.0-py3.10.egg-info/top_level.txt
/home/loppukokeisiin/drone_sim_env/ros2_ws/install/tello_parcours/lib/python3.10/site-packages/tello_parcours-0.0.0-py3.10.egg-info/dependency_links.txt
/home/loppukokeisiin/drone_sim_env/ros2_ws/install/tello_parcours/lib/python3.10/site-packages/tello_parcours-0.0.0-py3.10.egg-info/zip-safe
/home/loppukokeisiin/drone_sim_env/ros2_ws/install/tello_parcours/lib/python3.10/site-packages/tello_parcours-0.0.0-py3.10.egg-info/requires.txt
/home/loppukokeisiin/drone_sim_env/ros2_ws/install/tello_parcours/lib/python3.10/site-packages/tello_parcours-0.0.0-py3.10.egg-info/PKG-INFO
/home/loppukokeisiin/drone_sim_env/ros2_ws/install/tello_parcours/lib/python3.10/site-packages/tello_parcours-0.0.0-py3.10.egg-info/entry_points.txt
/home/loppukokeisiin/drone_sim_env/ros2_ws/install/tello_parcours/lib/python3.10/site-packages/tello_parcours-0.0.0-py3.10.egg-info/SOURCES.txt
/home/loppukokeisiin/drone_sim_env/ros2_ws/install/tello_parcours/lib/tello_parcours/autopilot
/home/loppukokeisiin/drone_sim_env/ros2_ws/install/tello_parcours/lib/tello_parcours/camera_viewer
/home/loppukokeisiin/drone_sim_env/ros2_ws/install/tello_parcours/lib/tello_parcours/hoepel_jager
/home/loppukokeisiin/drone_sim_env/ros2_ws/install/tello_parcours/lib/tello_parcours/hsv_tuner_tello
/home/loppukokeisiin/drone_sim_env/ros2_ws/install/tello_parcours/lib/tello_parcours/parcours_runner
/home/loppukokeisiin/drone_sim_env/ros2_ws/install/tello_parcours/lib/tello_parcours/parcours_runner_tello
/home/loppukokeisiin/drone_sim_env/ros2_ws/install/tello_parcours/lib/tello_parcours/single_hoop_test
