[0.591s] DEBUG:colcon:Command line arguments: ['/usr/bin/colcon', 'build']
[0.591s] DEBUG:colcon:Parsed command line arguments: Namespace(log_base=None, log_level=None, verb_name='build', build_base='build', install_base='install', merge_install=False, symlink_install=False, test_result_base=None, continue_on_error=False, executor='parallel', parallel_workers=8, event_handlers=None, ignore_user_meta=False, metas=['./colcon.meta'], base_paths=['.'], packages_ignore=None, packages_ignore_regex=None, paths=None, packages_up_to=None, packages_up_to_regex=None, packages_above=None, packages_above_and_dependencies=None, packages_above_depth=None, packages_select_by_dep=None, packages_skip_by_dep=None, packages_skip_up_to=None, packages_select_build_failed=False, packages_skip_build_finished=False, packages_select_test_failures=False, packages_skip_test_passed=False, packages_select=None, packages_skip=None, packages_select_regex=None, packages_skip_regex=None, packages_start=None, packages_end=None, allow_overriding=[], cmake_args=None, cmake_target=None, cmake_target_skip_unavailable=False, cmake_clean_cache=False, cmake_clean_first=False, cmake_force_configure=False, ament_cmake_args=None, catkin_cmake_args=None, catkin_skip_building_tests=False, verb_parser=<colcon_defaults.argument_parser.defaults.DefaultArgumentsDecorator object at 0x7f939dd72b30>, verb_extension=<colcon_core.verb.build.BuildVerb object at 0x7f939dd72620>, main=<bound method BuildVerb.main of <colcon_core.verb.build.BuildVerb object at 0x7f939dd72620>>)
[1.244s] Level 1:colcon.colcon_core.package_discovery:discover_packages(colcon_meta) check parameters
[1.244s] Level 1:colcon.colcon_core.package_discovery:discover_packages(recursive) check parameters
[1.244s] Level 1:colcon.colcon_core.package_discovery:discover_packages(ignore) check parameters
[1.244s] Level 1:colcon.colcon_core.package_discovery:discover_packages(path) check parameters
[1.244s] Level 1:colcon.colcon_core.package_discovery:discover_packages(colcon_meta) discover
[1.245s] Level 1:colcon.colcon_core.package_discovery:discover_packages(recursive) discover
[1.245s] INFO:colcon.colcon_core.package_discovery:Crawling recursively for packages in '/home/loppukokeisiin/drone_sim_env/ros2_ws'
[1.245s] Level 1:colcon.colcon_core.package_identification:_identify(.) by extensions ['ignore', 'ignore_ament_install']
[1.245s] Level 1:colcon.colcon_core.package_identification:_identify(.) by extension 'ignore'
[1.245s] Level 1:colcon.colcon_core.package_identification:_identify(.) by extension 'ignore_ament_install'
[1.245s] Level 1:colcon.colcon_core.package_identification:_identify(.) by extensions ['colcon_pkg']
[1.245s] Level 1:colcon.colcon_core.package_identification:_identify(.) by extension 'colcon_pkg'
[1.245s] Level 1:colcon.colcon_core.package_identification:_identify(.) by extensions ['colcon_meta']
[1.245s] Level 1:colcon.colcon_core.package_identification:_identify(.) by extension 'colcon_meta'
[1.245s] Level 1:colcon.colcon_core.package_identification:_identify(.) by extensions ['ros']
[1.245s] Level 1:colcon.colcon_core.package_identification:_identify(.) by extension 'ros'
[1.270s] Level 1:colcon.colcon_core.package_identification:_identify(.) by extensions ['cmake', 'python']
[1.270s] Level 1:colcon.colcon_core.package_identification:_identify(.) by extension 'cmake'
[1.271s] Level 1:colcon.colcon_core.package_identification:_identify(.) by extension 'python'
[1.271s] Level 1:colcon.colcon_core.package_identification:_identify(.) by extensions ['python_setup_py']
[1.271s] Level 1:colcon.colcon_core.package_identification:_identify(.) by extension 'python_setup_py'
[1.271s] Level 1:colcon.colcon_core.package_identification:_identify(build) by extensions ['ignore', 'ignore_ament_install']
[1.271s] Level 1:colcon.colcon_core.package_identification:_identify(build) by extension 'ignore'
[1.271s] Level 1:colcon.colcon_core.package_identification:_identify(build) ignored
[1.271s] Level 1:colcon.colcon_core.package_identification:_identify(install) by extensions ['ignore', 'ignore_ament_install']
[1.271s] Level 1:colcon.colcon_core.package_identification:_identify(install) by extension 'ignore'
[1.271s] Level 1:colcon.colcon_core.package_identification:_identify(install) ignored
[1.271s] Level 1:colcon.colcon_core.package_identification:_identify(log) by extensions ['ignore', 'ignore_ament_install']
[1.271s] Level 1:colcon.colcon_core.package_identification:_identify(log) by extension 'ignore'
[1.272s] Level 1:colcon.colcon_core.package_identification:_identify(log) ignored
[1.272s] Level 1:colcon.colcon_core.package_identification:_identify(src) by extensions ['ignore', 'ignore_ament_install']
[1.272s] Level 1:colcon.colcon_core.package_identification:_identify(src) by extension 'ignore'
[1.272s] Level 1:colcon.colcon_core.package_identification:_identify(src) by extension 'ignore_ament_install'
[1.272s] Level 1:colcon.colcon_core.package_identification:_identify(src) by extensions ['colcon_pkg']
[1.272s] Level 1:colcon.colcon_core.package_identification:_identify(src) by extension 'colcon_pkg'
[1.272s] Level 1:colcon.colcon_core.package_identification:_identify(src) by extensions ['colcon_meta']
[1.272s] Level 1:colcon.colcon_core.package_identification:_identify(src) by extension 'colcon_meta'
[1.272s] Level 1:colcon.colcon_core.package_identification:_identify(src) by extensions ['ros']
[1.272s] Level 1:colcon.colcon_core.package_identification:_identify(src) by extension 'ros'
[1.272s] Level 1:colcon.colcon_core.package_identification:_identify(src) by extensions ['cmake', 'python']
[1.272s] Level 1:colcon.colcon_core.package_identification:_identify(src) by extension 'cmake'
[1.272s] Level 1:colcon.colcon_core.package_identification:_identify(src) by extension 'python'
[1.272s] Level 1:colcon.colcon_core.package_identification:_identify(src) by extensions ['python_setup_py']
[1.272s] Level 1:colcon.colcon_core.package_identification:_identify(src) by extension 'python_setup_py'
[1.272s] Level 1:colcon.colcon_core.package_identification:_identify(src/build) by extensions ['ignore', 'ignore_ament_install']
[1.273s] Level 1:colcon.colcon_core.package_identification:_identify(src/build) by extension 'ignore'
[1.273s] Level 1:colcon.colcon_core.package_identification:_identify(src/build) ignored
[1.273s] Level 1:colcon.colcon_core.package_identification:_identify(src/drone_ring) by extensions ['ignore', 'ignore_ament_install']
[1.273s] Level 1:colcon.colcon_core.package_identification:_identify(src/drone_ring) by extension 'ignore'
[1.273s] Level 1:colcon.colcon_core.package_identification:_identify(src/drone_ring) by extension 'ignore_ament_install'
[1.273s] Level 1:colcon.colcon_core.package_identification:_identify(src/drone_ring) by extensions ['colcon_pkg']
[1.273s] Level 1:colcon.colcon_core.package_identification:_identify(src/drone_ring) by extension 'colcon_pkg'
[1.273s] Level 1:colcon.colcon_core.package_identification:_identify(src/drone_ring) by extensions ['colcon_meta']
[1.273s] Level 1:colcon.colcon_core.package_identification:_identify(src/drone_ring) by extension 'colcon_meta'
[1.273s] Level 1:colcon.colcon_core.package_identification:_identify(src/drone_ring) by extensions ['ros']
[1.273s] Level 1:colcon.colcon_core.package_identification:_identify(src/drone_ring) by extension 'ros'
[1.281s] DEBUG:colcon.colcon_core.package_identification:Package 'src/drone_ring' with type 'ros.ament_python' and name 'drone_ring'
[1.281s] Level 1:colcon.colcon_core.package_identification:_identify(src/drone_test) by extensions ['ignore', 'ignore_ament_install']
[1.281s] Level 1:colcon.colcon_core.package_identification:_identify(src/drone_test) by extension 'ignore'
[1.281s] Level 1:colcon.colcon_core.package_identification:_identify(src/drone_test) by extension 'ignore_ament_install'
[1.281s] Level 1:colcon.colcon_core.package_identification:_identify(src/drone_test) by extensions ['colcon_pkg']
[1.282s] Level 1:colcon.colcon_core.package_identification:_identify(src/drone_test) by extension 'colcon_pkg'
[1.282s] Level 1:colcon.colcon_core.package_identification:_identify(src/drone_test) by extensions ['colcon_meta']
[1.282s] Level 1:colcon.colcon_core.package_identification:_identify(src/drone_test) by extension 'colcon_meta'
[1.282s] Level 1:colcon.colcon_core.package_identification:_identify(src/drone_test) by extensions ['ros']
[1.282s] Level 1:colcon.colcon_core.package_identification:_identify(src/drone_test) by extension 'ros'
[1.285s] DEBUG:colcon.colcon_core.package_identification:Package 'src/drone_test' with type 'ros.ament_python' and name 'drone_test'
[1.285s] Level 1:colcon.colcon_core.package_identification:_identify(src/install) by extensions ['ignore', 'ignore_ament_install']
[1.285s] Level 1:colcon.colcon_core.package_identification:_identify(src/install) by extension 'ignore'
[1.285s] Level 1:colcon.colcon_core.package_identification:_identify(src/install) ignored
[1.285s] Level 1:colcon.colcon_core.package_identification:_identify(src/log) by extensions ['ignore', 'ignore_ament_install']
[1.285s] Level 1:colcon.colcon_core.package_identification:_identify(src/log) by extension 'ignore'
[1.285s] Level 1:colcon.colcon_core.package_identification:_identify(src/log) ignored
[1.285s] Level 1:colcon.colcon_core.package_identification:_identify(src/tello_parcours) by extensions ['ignore', 'ignore_ament_install']
[1.285s] Level 1:colcon.colcon_core.package_identification:_identify(src/tello_parcours) by extension 'ignore'
[1.286s] Level 1:colcon.colcon_core.package_identification:_identify(src/tello_parcours) by extension 'ignore_ament_install'
[1.286s] Level 1:colcon.colcon_core.package_identification:_identify(src/tello_parcours) by extensions ['colcon_pkg']
[1.286s] Level 1:colcon.colcon_core.package_identification:_identify(src/tello_parcours) by extension 'colcon_pkg'
[1.286s] Level 1:colcon.colcon_core.package_identification:_identify(src/tello_parcours) by extensions ['colcon_meta']
[1.286s] Level 1:colcon.colcon_core.package_identification:_identify(src/tello_parcours) by extension 'colcon_meta'
[1.286s] Level 1:colcon.colcon_core.package_identification:_identify(src/tello_parcours) by extensions ['ros']
[1.286s] Level 1:colcon.colcon_core.package_identification:_identify(src/tello_parcours) by extension 'ros'
[1.287s] DEBUG:colcon.colcon_core.package_identification:Package 'src/tello_parcours' with type 'ros.ament_python' and name 'tello_parcours'
[1.287s] Level 1:colcon.colcon_core.package_discovery:discover_packages(recursive) using defaults
[1.287s] Level 1:colcon.colcon_core.package_discovery:discover_packages(ignore) discover
[1.287s] Level 1:colcon.colcon_core.package_discovery:discover_packages(ignore) using defaults
[1.288s] Level 1:colcon.colcon_core.package_discovery:discover_packages(path) discover
[1.288s] Level 1:colcon.colcon_core.package_discovery:discover_packages(path) using defaults
[1.359s] Level 1:colcon.colcon_core.package_discovery:discover_packages(prefix_path) check parameters
[1.359s] Level 1:colcon.colcon_core.package_discovery:discover_packages(prefix_path) discover
[1.365s] WARNING:colcon.colcon_core.prefix_path.colcon:The path '/home/loppukokeisiin/drone_sim_env/ros2_ws/src/AerialRobotics/ros2_ws/install' in the environment variable COLCON_PREFIX_PATH doesn't exist
[1.365s] WARNING:colcon.colcon_ros.prefix_path.ament:The path '/home/loppukokeisiin/drone_sim_env/ros2_ws/src/AerialRobotics/ros2_ws/install/tello_parcours' in the environment variable AMENT_PREFIX_PATH doesn't exist
[1.365s] WARNING:colcon.colcon_ros.prefix_path.ament:The path '/home/loppukokeisiin/drone_sim_env/ros2_ws/src/AerialRobotics/ros2_ws/install/drone_test' in the environment variable AMENT_PREFIX_PATH doesn't exist
[1.365s] WARNING:colcon.colcon_ros.prefix_path.ament:The path '/home/loppukokeisiin/drone_sim_env/ros2_ws/src/AerialRobotics/ros2_ws/install/drone_ring' in the environment variable AMENT_PREFIX_PATH doesn't exist
[1.371s] DEBUG:colcon.colcon_installed_package_information.package_discovery:Found 281 installed packages in /opt/ros/humble
[1.373s] Level 1:colcon.colcon_core.package_discovery:discover_packages(prefix_path) using defaults
[1.525s] Level 5:colcon.colcon_core.verb:set package 'drone_ring' build argument 'cmake_args' from command line to 'None'
[1.525s] Level 5:colcon.colcon_core.verb:set package 'drone_ring' build argument 'cmake_target' from command line to 'None'
[1.526s] Level 5:colcon.colcon_core.verb:set package 'drone_ring' build argument 'cmake_target_skip_unavailable' from command line to 'False'
[1.526s] Level 5:colcon.colcon_core.verb:set package 'drone_ring' build argument 'cmake_clean_cache' from command line to 'False'
[1.526s] Level 5:colcon.colcon_core.verb:set package 'drone_ring' build argument 'cmake_clean_first' from command line to 'False'
[1.526s] Level 5:colcon.colcon_core.verb:set package 'drone_ring' build argument 'cmake_force_configure' from command line to 'False'
[1.526s] Level 5:colcon.colcon_core.verb:set package 'drone_ring' build argument 'ament_cmake_args' from command line to 'None'
[1.526s] Level 5:colcon.colcon_core.verb:set package 'drone_ring' build argument 'catkin_cmake_args' from command line to 'None'
[1.526s] Level 5:colcon.colcon_core.verb:set package 'drone_ring' build argument 'catkin_skip_building_tests' from command line to 'False'
[1.526s] DEBUG:colcon.colcon_core.verb:Building package 'drone_ring' with the following arguments: {'ament_cmake_args': None, 'build_base': '/home/loppukokeisiin/drone_sim_env/ros2_ws/build/drone_ring', 'catkin_cmake_args': None, 'catkin_skip_building_tests': False, 'cmake_args': None, 'cmake_clean_cache': False, 'cmake_clean_first': False, 'cmake_force_configure': False, 'cmake_target': None, 'cmake_target_skip_unavailable': False, 'install_base': '/home/loppukokeisiin/drone_sim_env/ros2_ws/install/drone_ring', 'merge_install': False, 'path': '/home/loppukokeisiin/drone_sim_env/ros2_ws/src/drone_ring', 'symlink_install': False, 'test_result_base': None}
[1.526s] Level 5:colcon.colcon_core.verb:set package 'drone_test' build argument 'cmake_args' from command line to 'None'
[1.526s] Level 5:colcon.colcon_core.verb:set package 'drone_test' build argument 'cmake_target' from command line to 'None'
[1.526s] Level 5:colcon.colcon_core.verb:set package 'drone_test' build argument 'cmake_target_skip_unavailable' from command line to 'False'
[1.526s] Level 5:colcon.colcon_core.verb:set package 'drone_test' build argument 'cmake_clean_cache' from command line to 'False'
[1.526s] Level 5:colcon.colcon_core.verb:set package 'drone_test' build argument 'cmake_clean_first' from command line to 'False'
[1.526s] Level 5:colcon.colcon_core.verb:set package 'drone_test' build argument 'cmake_force_configure' from command line to 'False'
[1.526s] Level 5:colcon.colcon_core.verb:set package 'drone_test' build argument 'ament_cmake_args' from command line to 'None'
[1.526s] Level 5:colcon.colcon_core.verb:set package 'drone_test' build argument 'catkin_cmake_args' from command line to 'None'
[1.526s] Level 5:colcon.colcon_core.verb:set package 'drone_test' build argument 'catkin_skip_building_tests' from command line to 'False'
[1.526s] DEBUG:colcon.colcon_core.verb:Building package 'drone_test' with the following arguments: {'ament_cmake_args': None, 'build_base': '/home/loppukokeisiin/drone_sim_env/ros2_ws/build/drone_test', 'catkin_cmake_args': None, 'catkin_skip_building_tests': False, 'cmake_args': None, 'cmake_clean_cache': False, 'cmake_clean_first': False, 'cmake_force_configure': False, 'cmake_target': None, 'cmake_target_skip_unavailable': False, 'install_base': '/home/loppukokeisiin/drone_sim_env/ros2_ws/install/drone_test', 'merge_install': False, 'path': '/home/loppukokeisiin/drone_sim_env/ros2_ws/src/drone_test', 'symlink_install': False, 'test_result_base': None}
[1.527s] Level 5:colcon.colcon_core.verb:set package 'tello_parcours' build argument 'cmake_args' from command line to 'None'
[1.527s] Level 5:colcon.colcon_core.verb:set package 'tello_parcours' build argument 'cmake_target' from command line to 'None'
[1.527s] Level 5:colcon.colcon_core.verb:set package 'tello_parcours' build argument 'cmake_target_skip_unavailable' from command line to 'False'
[1.527s] Level 5:colcon.colcon_core.verb:set package 'tello_parcours' build argument 'cmake_clean_cache' from command line to 'False'
[1.527s] Level 5:colcon.colcon_core.verb:set package 'tello_parcours' build argument 'cmake_clean_first' from command line to 'False'
[1.527s] Level 5:colcon.colcon_core.verb:set package 'tello_parcours' build argument 'cmake_force_configure' from command line to 'False'
[1.527s] Level 5:colcon.colcon_core.verb:set package 'tello_parcours' build argument 'ament_cmake_args' from command line to 'None'
[1.527s] Level 5:colcon.colcon_core.verb:set package 'tello_parcours' build argument 'catkin_cmake_args' from command line to 'None'
[1.527s] Level 5:colcon.colcon_core.verb:set package 'tello_parcours' build argument 'catkin_skip_building_tests' from command line to 'False'
[1.527s] DEBUG:colcon.colcon_core.verb:Building package 'tello_parcours' with the following arguments: {'ament_cmake_args': None, 'build_base': '/home/loppukokeisiin/drone_sim_env/ros2_ws/build/tello_parcours', 'catkin_cmake_args': None, 'catkin_skip_building_tests': False, 'cmake_args': None, 'cmake_clean_cache': False, 'cmake_clean_first': False, 'cmake_force_configure': False, 'cmake_target': None, 'cmake_target_skip_unavailable': False, 'install_base': '/home/loppukokeisiin/drone_sim_env/ros2_ws/install/tello_parcours', 'merge_install': False, 'path': '/home/loppukokeisiin/drone_sim_env/ros2_ws/src/tello_parcours', 'symlink_install': False, 'test_result_base': None}
[1.527s] INFO:colcon.colcon_core.executor:Executing jobs using 'parallel' executor
[1.529s] DEBUG:colcon.colcon_parallel_executor.executor.parallel:run_until_complete
[1.529s] INFO:colcon.colcon_ros.task.ament_python.build:Building ROS package in '/home/loppukokeisiin/drone_sim_env/ros2_ws/src/drone_ring' with build type 'ament_python'
[1.530s] Level 1:colcon.colcon_core.shell:create_environment_hook('drone_ring', 'ament_prefix_path')
[1.542s] INFO:colcon.colcon_core.plugin_system:Skipping extension 'colcon_core.shell.bat': Not used on non-Windows systems
[1.542s] INFO:colcon.colcon_core.shell:Creating environment hook '/home/loppukokeisiin/drone_sim_env/ros2_ws/install/drone_ring/share/drone_ring/hook/ament_prefix_path.ps1'
[1.545s] INFO:colcon.colcon_core.shell:Creating environment descriptor '/home/loppukokeisiin/drone_sim_env/ros2_ws/install/drone_ring/share/drone_ring/hook/ament_prefix_path.dsv'
[1.546s] INFO:colcon.colcon_core.shell:Creating environment hook '/home/loppukokeisiin/drone_sim_env/ros2_ws/install/drone_ring/share/drone_ring/hook/ament_prefix_path.sh'
[1.548s] INFO:colcon.colcon_core.shell:Skip shell extension 'powershell' for command environment: Not usable outside of PowerShell
[1.548s] DEBUG:colcon.colcon_core.shell:Skip shell extension 'dsv' for command environment
[1.553s] INFO:colcon.colcon_ros.task.ament_python.build:Building ROS package in '/home/loppukokeisiin/drone_sim_env/ros2_ws/src/drone_test' with build type 'ament_python'
[1.553s] Level 1:colcon.colcon_core.shell:create_environment_hook('drone_test', 'ament_prefix_path')
[1.554s] INFO:colcon.colcon_core.shell:Creating environment hook '/home/loppukokeisiin/drone_sim_env/ros2_ws/install/drone_test/share/drone_test/hook/ament_prefix_path.ps1'
[1.556s] INFO:colcon.colcon_core.shell:Creating environment descriptor '/home/loppukokeisiin/drone_sim_env/ros2_ws/install/drone_test/share/drone_test/hook/ament_prefix_path.dsv'
[1.558s] INFO:colcon.colcon_core.shell:Creating environment hook '/home/loppukokeisiin/drone_sim_env/ros2_ws/install/drone_test/share/drone_test/hook/ament_prefix_path.sh'
[1.559s] INFO:colcon.colcon_core.shell:Skip shell extension 'powershell' for command environment: Not usable outside of PowerShell
[1.559s] DEBUG:colcon.colcon_core.shell:Skip shell extension 'dsv' for command environment
[1.562s] INFO:colcon.colcon_ros.task.ament_python.build:Building ROS package in '/home/loppukokeisiin/drone_sim_env/ros2_ws/src/tello_parcours' with build type 'ament_python'
[1.563s] Level 1:colcon.colcon_core.shell:create_environment_hook('tello_parcours', 'ament_prefix_path')
[1.563s] INFO:colcon.colcon_core.shell:Creating environment hook '/home/loppukokeisiin/drone_sim_env/ros2_ws/install/tello_parcours/share/tello_parcours/hook/ament_prefix_path.ps1'
[1.566s] INFO:colcon.colcon_core.shell:Creating environment descriptor '/home/loppukokeisiin/drone_sim_env/ros2_ws/install/tello_parcours/share/tello_parcours/hook/ament_prefix_path.dsv'
[1.566s] INFO:colcon.colcon_core.shell:Creating environment hook '/home/loppukokeisiin/drone_sim_env/ros2_ws/install/tello_parcours/share/tello_parcours/hook/ament_prefix_path.sh'
[1.566s] INFO:colcon.colcon_core.shell:Skip shell extension 'powershell' for command environment: Not usable outside of PowerShell
[1.567s] DEBUG:colcon.colcon_core.shell:Skip shell extension 'dsv' for command environment
[1.904s] INFO:colcon.colcon_core.task.python.build:Building Python package in '/home/loppukokeisiin/drone_sim_env/ros2_ws/src/drone_ring'
[1.905s] INFO:colcon.colcon_core.shell:Skip shell extension 'powershell' for command environment: Not usable outside of PowerShell
[1.905s] DEBUG:colcon.colcon_core.shell:Skip shell extension 'dsv' for command environment
[2.226s] INFO:colcon.colcon_core.task.python.build:Building Python package in '/home/loppukokeisiin/drone_sim_env/ros2_ws/src/drone_test'
[2.226s] INFO:colcon.colcon_core.shell:Skip shell extension 'powershell' for command environment: Not usable outside of PowerShell
[2.227s] DEBUG:colcon.colcon_core.shell:Skip shell extension 'dsv' for command environment
[2.540s] INFO:colcon.colcon_core.task.python.build:Building Python package in '/home/loppukokeisiin/drone_sim_env/ros2_ws/src/tello_parcours'
[2.540s] INFO:colcon.colcon_core.shell:Skip shell extension 'powershell' for command environment: Not usable outside of PowerShell
[2.540s] DEBUG:colcon.colcon_core.shell:Skip shell extension 'dsv' for command environment
[3.202s] DEBUG:colcon.colcon_core.event_handler.log_command:Invoking command in '/home/loppukokeisiin/drone_sim_env/ros2_ws/src/tello_parcours': PYTHONPATH=/home/loppukokeisiin/drone_sim_env/ros2_ws/build/tello_parcours/prefix_override:/usr/lib/python3/dist-packages/colcon_core/task/python/colcon_distutils_commands:/home/loppukokeisiin/drone_sim_env/ros2_ws/install/tello_parcours/lib/python3.10/site-packages:${PYTHONPATH} /usr/bin/python3 -W ignore:setup.py install is deprecated -W ignore:easy_install command is deprecated setup.py egg_info --egg-base ../../build/tello_parcours build --build-base /home/loppukokeisiin/drone_sim_env/ros2_ws/build/tello_parcours/build install --record /home/loppukokeisiin/drone_sim_env/ros2_ws/build/tello_parcours/install.log --single-version-externally-managed install_data
[3.218s] DEBUG:colcon.colcon_core.event_handler.log_command:Invoking command in '/home/loppukokeisiin/drone_sim_env/ros2_ws/src/drone_ring': PYTHONPATH=/home/loppukokeisiin/drone_sim_env/ros2_ws/build/drone_ring/prefix_override:/usr/lib/python3/dist-packages/colcon_core/task/python/colcon_distutils_commands:/home/loppukokeisiin/drone_sim_env/ros2_ws/install/drone_ring/lib/python3.10/site-packages:${PYTHONPATH} /usr/bin/python3 -W ignore:setup.py install is deprecated -W ignore:easy_install command is deprecated setup.py egg_info --egg-base ../../build/drone_ring build --build-base /home/loppukokeisiin/drone_sim_env/ros2_ws/build/drone_ring/build install --record /home/loppukokeisiin/drone_sim_env/ros2_ws/build/drone_ring/install.log --single-version-externally-managed install_data
[3.225s] DEBUG:colcon.colcon_core.event_handler.log_command:Invoking command in '/home/loppukokeisiin/drone_sim_env/ros2_ws/src/drone_test': PYTHONPATH=/home/loppukokeisiin/drone_sim_env/ros2_ws/build/drone_test/prefix_override:/usr/lib/python3/dist-packages/colcon_core/task/python/colcon_distutils_commands:/home/loppukokeisiin/drone_sim_env/ros2_ws/install/drone_test/lib/python3.10/site-packages:${PYTHONPATH} /usr/bin/python3 -W ignore:setup.py install is deprecated -W ignore:easy_install command is deprecated setup.py egg_info --egg-base ../../build/drone_test build --build-base /home/loppukokeisiin/drone_sim_env/ros2_ws/build/drone_test/build install --record /home/loppukokeisiin/drone_sim_env/ros2_ws/build/drone_test/install.log --single-version-externally-managed install_data
[3.734s] DEBUG:colcon.colcon_core.event_handler.log_command:Invoked command in '/home/loppukokeisiin/drone_sim_env/ros2_ws/src/drone_test' returned '0': PYTHONPATH=/home/loppukokeisiin/drone_sim_env/ros2_ws/build/drone_test/prefix_override:/usr/lib/python3/dist-packages/colcon_core/task/python/colcon_distutils_commands:/home/loppukokeisiin/drone_sim_env/ros2_ws/install/drone_test/lib/python3.10/site-packages:${PYTHONPATH} /usr/bin/python3 -W ignore:setup.py install is deprecated -W ignore:easy_install command is deprecated setup.py egg_info --egg-base ../../build/drone_test build --build-base /home/loppukokeisiin/drone_sim_env/ros2_ws/build/drone_test/build install --record /home/loppukokeisiin/drone_sim_env/ros2_ws/build/drone_test/install.log --single-version-externally-managed install_data
[3.751s] Level 1:colcon.colcon_core.environment:checking '/home/loppukokeisiin/drone_sim_env/ros2_ws/install/drone_test' for CMake module files
[3.752s] Level 1:colcon.colcon_core.environment:checking '/home/loppukokeisiin/drone_sim_env/ros2_ws/install/drone_test' for CMake config files
[3.753s] Level 1:colcon.colcon_core.environment:checking '/home/loppukokeisiin/drone_sim_env/ros2_ws/install/drone_test/lib'
[3.753s] Level 1:colcon.colcon_core.environment:checking '/home/loppukokeisiin/drone_sim_env/ros2_ws/install/drone_test/bin'
[3.754s] Level 1:colcon.colcon_core.environment:checking '/home/loppukokeisiin/drone_sim_env/ros2_ws/install/drone_test/lib/pkgconfig/drone_test.pc'
[3.754s] Level 1:colcon.colcon_core.environment:checking '/home/loppukokeisiin/drone_sim_env/ros2_ws/install/drone_test/lib/python3.10/site-packages'
[3.754s] Level 1:colcon.colcon_core.shell:create_environment_hook('drone_test', 'pythonpath')
[3.754s] INFO:colcon.colcon_core.shell:Creating environment hook '/home/loppukokeisiin/drone_sim_env/ros2_ws/install/drone_test/share/drone_test/hook/pythonpath.ps1'
[3.755s] INFO:colcon.colcon_core.shell:Creating environment descriptor '/home/loppukokeisiin/drone_sim_env/ros2_ws/install/drone_test/share/drone_test/hook/pythonpath.dsv'
[3.756s] INFO:colcon.colcon_core.shell:Creating environment hook '/home/loppukokeisiin/drone_sim_env/ros2_ws/install/drone_test/share/drone_test/hook/pythonpath.sh'
[3.758s] Level 1:colcon.colcon_core.environment:checking '/home/loppukokeisiin/drone_sim_env/ros2_ws/install/drone_test/bin'
[3.758s] Level 1:colcon.colcon_core.environment:create_environment_scripts_only(drone_test)
[3.759s] INFO:colcon.colcon_core.shell:Creating package script '/home/loppukokeisiin/drone_sim_env/ros2_ws/install/drone_test/share/drone_test/package.ps1'
[3.762s] INFO:colcon.colcon_core.shell:Creating package descriptor '/home/loppukokeisiin/drone_sim_env/ros2_ws/install/drone_test/share/drone_test/package.dsv'
[3.763s] INFO:colcon.colcon_core.shell:Creating package script '/home/loppukokeisiin/drone_sim_env/ros2_ws/install/drone_test/share/drone_test/package.sh'
[3.765s] INFO:colcon.colcon_core.shell:Creating package script '/home/loppukokeisiin/drone_sim_env/ros2_ws/install/drone_test/share/drone_test/package.bash'
[3.767s] INFO:colcon.colcon_core.shell:Creating package script '/home/loppukokeisiin/drone_sim_env/ros2_ws/install/drone_test/share/drone_test/package.zsh'
[3.769s] Level 1:colcon.colcon_core.environment:create_file_with_runtime_dependencies(/home/loppukokeisiin/drone_sim_env/ros2_ws/install/drone_test/share/colcon-core/packages/drone_test)
[3.775s] Level 1:colcon.colcon_core.environment:checking '/home/loppukokeisiin/drone_sim_env/ros2_ws/install/tello_parcours' for CMake module files
[3.776s] DEBUG:colcon.colcon_core.event_handler.log_command:Invoked command in '/home/loppukokeisiin/drone_sim_env/ros2_ws/src/tello_parcours' returned '0': PYTHONPATH=/home/loppukokeisiin/drone_sim_env/ros2_ws/build/tello_parcours/prefix_override:/usr/lib/python3/dist-packages/colcon_core/task/python/colcon_distutils_commands:/home/loppukokeisiin/drone_sim_env/ros2_ws/install/tello_parcours/lib/python3.10/site-packages:${PYTHONPATH} /usr/bin/python3 -W ignore:setup.py install is deprecated -W ignore:easy_install command is deprecated setup.py egg_info --egg-base ../../build/tello_parcours build --build-base /home/loppukokeisiin/drone_sim_env/ros2_ws/build/tello_parcours/build install --record /home/loppukokeisiin/drone_sim_env/ros2_ws/build/tello_parcours/install.log --single-version-externally-managed install_data
[3.777s] Level 1:colcon.colcon_core.environment:checking '/home/loppukokeisiin/drone_sim_env/ros2_ws/install/tello_parcours' for CMake config files
[3.778s] Level 1:colcon.colcon_core.environment:checking '/home/loppukokeisiin/drone_sim_env/ros2_ws/install/tello_parcours/lib'
[3.778s] Level 1:colcon.colcon_core.environment:checking '/home/loppukokeisiin/drone_sim_env/ros2_ws/install/tello_parcours/bin'
[3.778s] Level 1:colcon.colcon_core.environment:checking '/home/loppukokeisiin/drone_sim_env/ros2_ws/install/tello_parcours/lib/pkgconfig/tello_parcours.pc'
[3.778s] Level 1:colcon.colcon_core.environment:checking '/home/loppukokeisiin/drone_sim_env/ros2_ws/install/tello_parcours/lib/python3.10/site-packages'
[3.778s] Level 1:colcon.colcon_core.shell:create_environment_hook('tello_parcours', 'pythonpath')
[3.779s] INFO:colcon.colcon_core.shell:Creating environment hook '/home/loppukokeisiin/drone_sim_env/ros2_ws/install/tello_parcours/share/tello_parcours/hook/pythonpath.ps1'
[3.780s] INFO:colcon.colcon_core.shell:Creating environment descriptor '/home/loppukokeisiin/drone_sim_env/ros2_ws/install/tello_parcours/share/tello_parcours/hook/pythonpath.dsv'
[3.780s] INFO:colcon.colcon_core.shell:Creating environment hook '/home/loppukokeisiin/drone_sim_env/ros2_ws/install/tello_parcours/share/tello_parcours/hook/pythonpath.sh'
[3.781s] Level 1:colcon.colcon_core.environment:checking '/home/loppukokeisiin/drone_sim_env/ros2_ws/install/tello_parcours/bin'
[3.781s] Level 1:colcon.colcon_core.environment:create_environment_scripts_only(tello_parcours)
[3.782s] INFO:colcon.colcon_core.shell:Creating package script '/home/loppukokeisiin/drone_sim_env/ros2_ws/install/tello_parcours/share/tello_parcours/package.ps1'
[3.782s] INFO:colcon.colcon_core.shell:Creating package descriptor '/home/loppukokeisiin/drone_sim_env/ros2_ws/install/tello_parcours/share/tello_parcours/package.dsv'
[3.783s] INFO:colcon.colcon_core.shell:Creating package script '/home/loppukokeisiin/drone_sim_env/ros2_ws/install/tello_parcours/share/tello_parcours/package.sh'
[3.783s] INFO:colcon.colcon_core.shell:Creating package script '/home/loppukokeisiin/drone_sim_env/ros2_ws/install/tello_parcours/share/tello_parcours/package.bash'
[3.784s] INFO:colcon.colcon_core.shell:Creating package script '/home/loppukokeisiin/drone_sim_env/ros2_ws/install/tello_parcours/share/tello_parcours/package.zsh'
[3.784s] Level 1:colcon.colcon_core.environment:create_file_with_runtime_dependencies(/home/loppukokeisiin/drone_sim_env/ros2_ws/install/tello_parcours/share/colcon-core/packages/tello_parcours)
[3.786s] Level 1:colcon.colcon_core.environment:checking '/home/loppukokeisiin/drone_sim_env/ros2_ws/install/drone_ring' for CMake module files
[3.787s] DEBUG:colcon.colcon_core.event_handler.log_command:Invoked command in '/home/loppukokeisiin/drone_sim_env/ros2_ws/src/drone_ring' returned '0': PYTHONPATH=/home/loppukokeisiin/drone_sim_env/ros2_ws/build/drone_ring/prefix_override:/usr/lib/python3/dist-packages/colcon_core/task/python/colcon_distutils_commands:/home/loppukokeisiin/drone_sim_env/ros2_ws/install/drone_ring/lib/python3.10/site-packages:${PYTHONPATH} /usr/bin/python3 -W ignore:setup.py install is deprecated -W ignore:easy_install command is deprecated setup.py egg_info --egg-base ../../build/drone_ring build --build-base /home/loppukokeisiin/drone_sim_env/ros2_ws/build/drone_ring/build install --record /home/loppukokeisiin/drone_sim_env/ros2_ws/build/drone_ring/install.log --single-version-externally-managed install_data
[3.788s] Level 1:colcon.colcon_core.environment:checking '/home/loppukokeisiin/drone_sim_env/ros2_ws/install/drone_ring' for CMake config files
[3.789s] Level 1:colcon.colcon_core.environment:checking '/home/loppukokeisiin/drone_sim_env/ros2_ws/install/drone_ring/lib'
[3.789s] Level 1:colcon.colcon_core.environment:checking '/home/loppukokeisiin/drone_sim_env/ros2_ws/install/drone_ring/bin'
[3.790s] Level 1:colcon.colcon_core.environment:checking '/home/loppukokeisiin/drone_sim_env/ros2_ws/install/drone_ring/lib/pkgconfig/drone_ring.pc'
[3.790s] Level 1:colcon.colcon_core.environment:checking '/home/loppukokeisiin/drone_sim_env/ros2_ws/install/drone_ring/lib/python3.10/site-packages'
[3.790s] Level 1:colcon.colcon_core.shell:create_environment_hook('drone_ring', 'pythonpath')
[3.791s] INFO:colcon.colcon_core.shell:Creating environment hook '/home/loppukokeisiin/drone_sim_env/ros2_ws/install/drone_ring/share/drone_ring/hook/pythonpath.ps1'
[3.792s] INFO:colcon.colcon_core.shell:Creating environment descriptor '/home/loppukokeisiin/drone_sim_env/ros2_ws/install/drone_ring/share/drone_ring/hook/pythonpath.dsv'
[3.793s] INFO:colcon.colcon_core.shell:Creating environment hook '/home/loppukokeisiin/drone_sim_env/ros2_ws/install/drone_ring/share/drone_ring/hook/pythonpath.sh'
[3.794s] Level 1:colcon.colcon_core.environment:checking '/home/loppukokeisiin/drone_sim_env/ros2_ws/install/drone_ring/bin'
[3.794s] Level 1:colcon.colcon_core.environment:create_environment_scripts_only(drone_ring)
[3.795s] INFO:colcon.colcon_core.shell:Creating package script '/home/loppukokeisiin/drone_sim_env/ros2_ws/install/drone_ring/share/drone_ring/package.ps1'
[3.796s] INFO:colcon.colcon_core.shell:Creating package descriptor '/home/loppukokeisiin/drone_sim_env/ros2_ws/install/drone_ring/share/drone_ring/package.dsv'
[3.797s] INFO:colcon.colcon_core.shell:Creating package script '/home/loppukokeisiin/drone_sim_env/ros2_ws/install/drone_ring/share/drone_ring/package.sh'
[3.797s] INFO:colcon.colcon_core.shell:Creating package script '/home/loppukokeisiin/drone_sim_env/ros2_ws/install/drone_ring/share/drone_ring/package.bash'
[3.798s] INFO:colcon.colcon_core.shell:Creating package script '/home/loppukokeisiin/drone_sim_env/ros2_ws/install/drone_ring/share/drone_ring/package.zsh'
[3.798s] Level 1:colcon.colcon_core.environment:create_file_with_runtime_dependencies(/home/loppukokeisiin/drone_sim_env/ros2_ws/install/drone_ring/share/colcon-core/packages/drone_ring)
[3.800s] DEBUG:colcon.colcon_parallel_executor.executor.parallel:closing loop
[3.800s] DEBUG:colcon.colcon_parallel_executor.executor.parallel:loop closed
[3.800s] DEBUG:colcon.colcon_parallel_executor.executor.parallel:run_until_complete finished with '0'
[3.801s] DEBUG:colcon.colcon_core.event_reactor:joining thread
[3.884s] INFO:colcon.colcon_core.plugin_system:Skipping extension 'colcon_notification.desktop_notification.notify_send': Could not find 'notify-send'
[3.884s] INFO:colcon.colcon_core.plugin_system:Skipping extension 'colcon_notification.desktop_notification.terminal_notifier': Not used on non-Darwin systems
[3.884s] INFO:colcon.colcon_core.plugin_system:Skipping extension 'colcon_notification.desktop_notification.win32': Not used on non-Windows systems
[3.884s] INFO:colcon.colcon_notification.desktop_notification:Sending desktop notification using 'notify2'
[3.885s] DEBUG:colcon.colcon_notification.desktop_notification.notify2:Failed to initialize notify2: org.freedesktop.DBus.Error.FileNotFound: Failed to connect to socket /run/user/1000/bus: No such file or directory
[3.885s] DEBUG:colcon.colcon_core.event_reactor:joined thread
[3.885s] INFO:colcon.colcon_core.shell:Creating prefix script '/home/loppukokeisiin/drone_sim_env/ros2_ws/install/local_setup.ps1'
[3.887s] INFO:colcon.colcon_core.shell:Creating prefix util module '/home/loppukokeisiin/drone_sim_env/ros2_ws/install/_local_setup_util_ps1.py'
[3.889s] INFO:colcon.colcon_core.shell:Creating prefix chain script '/home/loppukokeisiin/drone_sim_env/ros2_ws/install/setup.ps1'
[3.891s] INFO:colcon.colcon_core.shell:Creating prefix script '/home/loppukokeisiin/drone_sim_env/ros2_ws/install/local_setup.sh'
[3.892s] INFO:colcon.colcon_core.shell:Creating prefix util module '/home/loppukokeisiin/drone_sim_env/ros2_ws/install/_local_setup_util_sh.py'
[3.893s] INFO:colcon.colcon_core.shell:Creating prefix chain script '/home/loppukokeisiin/drone_sim_env/ros2_ws/install/setup.sh'
[3.895s] INFO:colcon.colcon_core.shell:Creating prefix script '/home/loppukokeisiin/drone_sim_env/ros2_ws/install/local_setup.bash'
[3.896s] INFO:colcon.colcon_core.shell:Creating prefix chain script '/home/loppukokeisiin/drone_sim_env/ros2_ws/install/setup.bash'
[3.898s] INFO:colcon.colcon_core.shell:Creating prefix script '/home/loppukokeisiin/drone_sim_env/ros2_ws/install/local_setup.zsh'
[3.899s] INFO:colcon.colcon_core.shell:Creating prefix chain script '/home/loppukokeisiin/drone_sim_env/ros2_ws/install/setup.zsh'
